14:37:49 **** Rebuild of configuration Debug for project Hash_DRBG ****
Info: Internal Builder is used for build
as -o "hash_drbg\\hash_drbg\\libgcrypt-1.7.3\\mpi\\pa7100\\mpih-lshift.o" "..\\hash_drbg\\hash_drbg\\libgcrypt-1.7.3\\mpi\\pa7100\\mpih-lshift.S" 
..\hash_drbg\hash_drbg\libgcrypt-1.7.3\mpi\pa7100\mpih-lshift.S: Assembler messages:
..\hash_drbg\hash_drbg\libgcrypt-1.7.3\mpi\pa7100\mpih-lshift.S:34: Error: unknown pseudo-op: `.code'
..\hash_drbg\hash_drbg\libgcrypt-1.7.3\mpi\pa7100\mpih-lshift.S:35: Error: unknown pseudo-op: `.export'
..\hash_drbg\hash_drbg\libgcrypt-1.7.3\mpi\pa7100\mpih-lshift.S:36: Error: unknown pseudo-op: `.label'
..\hash_drbg\hash_drbg\libgcrypt-1.7.3\mpi\pa7100\mpih-lshift.S:37: Error: unknown pseudo-op: `.proc'
..\hash_drbg\hash_drbg\libgcrypt-1.7.3\mpi\pa7100\mpih-lshift.S:38: Error: unknown pseudo-op: `.callinfo'
..\hash_drbg\hash_drbg\libgcrypt-1.7.3\mpi\pa7100\mpih-lshift.S:39: Error: unknown pseudo-op: `.entry'
..\hash_drbg\hash_drbg\libgcrypt-1.7.3\mpi\pa7100\mpih-lshift.S:41: Error: no such instruction: `sh2add %r24,%r25,%r25'
..\hash_drbg\hash_drbg\libgcrypt-1.7.3\mpi\pa7100\mpih-lshift.S:42: Error: no such instruction: `sh2add %r24,%r26,%r26'
..\hash_drbg\hash_drbg\libgcrypt-1.7.3\mpi\pa7100\mpih-lshift.S:43: Error: no such instruction: `ldws,mb -4(0,%r25),%r22'
..\hash_drbg\hash_drbg\libgcrypt-1.7.3\mpi\pa7100\mpih-lshift.S:44: Error: no such instruction: `subi 32,%r23,%r1'
..\hash_drbg\hash_drbg\libgcrypt-1.7.3\mpi\pa7100\mpih-lshift.S:45: Error: no such instruction: `mtsar %r1'
..\hash_drbg\hash_drbg\libgcrypt-1.7.3\mpi\pa7100\mpih-lshift.S:46: Error: no such instruction: `addib,= -1,%r24,L$0004'
..\hash_drbg\hash_drbg\libgcrypt-1.7.3\mpi\pa7100\mpih-lshift.S:47: Error: no such instruction: `vshd %r0,%r22,%r28'
..\hash_drbg\hash_drbg\libgcrypt-1.7.3\mpi\pa7100\mpih-lshift.S:47: Error: no such instruction: `compute carry out limb'
..\hash_drbg\hash_drbg\libgcrypt-1.7.3\mpi\pa7100\mpih-lshift.S:48: Error: no such instruction: `ldws,mb -4(0,%r25),%r29'
..\hash_drbg\hash_drbg\libgcrypt-1.7.3\mpi\pa7100\mpih-lshift.S:49: Error: no such instruction: `addib,<= -5,%r24,L$rest'
..\hash_drbg\hash_drbg\libgcrypt-1.7.3\mpi\pa7100\mpih-lshift.S:50: Error: no such instruction: `vshd %r22,%r29,%r20'
..\hash_drbg\hash_drbg\libgcrypt-1.7.3\mpi\pa7100\mpih-lshift.S:52: Error: unknown pseudo-op: `.label'
..\hash_drbg\hash_drbg\libgcrypt-1.7.3\mpi\pa7100\mpih-lshift.S:53: Error: no such instruction: `ldws,mb -4(0,%r25),%r22'
..\hash_drbg\hash_drbg\libgcrypt-1.7.3\mpi\pa7100\mpih-lshift.S:54: Error: no such instruction: `stws,mb %r20,-4(0,%r26)'
..\hash_drbg\hash_drbg\libgcrypt-1.7.3\mpi\pa7100\mpih-lshift.S:55: Error: no such instruction: `vshd %r29,%r22,%r20'
..\hash_drbg\hash_drbg\libgcrypt-1.7.3\mpi\pa7100\mpih-lshift.S:56: Error: no such instruction: `ldws,mb -4(0,%r25),%r29'
..\hash_drbg\hash_drbg\libgcrypt-1.7.3\mpi\pa7100\mpih-lshift.S:57: Error: no such instruction: `stws,mb %r20,-4(0,%r26)'
..\hash_drbg\hash_drbg\libgcrypt-1.7.3\mpi\pa7100\mpih-lshift.S:58: Error: no such instruction: `vshd %r22,%r29,%r20'
..\hash_drbg\hash_drbg\libgcrypt-1.7.3\mpi\pa7100\mpih-lshift.S:59: Error: no such instruction: `ldws,mb -4(0,%r25),%r22'
..\hash_drbg\hash_drbg\libgcrypt-1.7.3\mpi\pa7100\mpih-lshift.S:60: Error: no such instruction: `stws,mb %r20,-4(0,%r26)'
..\hash_drbg\hash_drbg\libgcrypt-1.7.3\mpi\pa7100\mpih-lshift.S:61: Error: no such instruction: `vshd %r29,%r22,%r20'
..\hash_drbg\hash_drbg\libgcrypt-1.7.3\mpi\pa7100\mpih-lshift.S:62: Error: no such instruction: `ldws,mb -4(0,%r25),%r29'
..\hash_drbg\hash_drbg\libgcrypt-1.7.3\mpi\pa7100\mpih-lshift.S:63: Error: no such instruction: `stws,mb %r20,-4(0,%r26)'
..\hash_drbg\hash_drbg\libgcrypt-1.7.3\mpi\pa7100\mpih-lshift.S:64: Error: no such instruction: `addib,> -4,%r24,L$loop'
..\hash_drbg\hash_drbg\libgcrypt-1.7.3\mpi\pa7100\mpih-lshift.S:65: Error: no such instruction: `vshd %r22,%r29,%r20'
..\hash_drbg\hash_drbg\libgcrypt-1.7.3\mpi\pa7100\mpih-lshift.S:67: Error: unknown pseudo-op: `.label'
..\hash_drbg\hash_drbg\libgcrypt-1.7.3\mpi\pa7100\mpih-lshift.S:68: Error: no such instruction: `addib,= 4,%r24,L$end1'
..\hash_drbg\hash_drbg\libgcrypt-1.7.3\mpi\pa7100\mpih-lshift.S:70: Error: unknown pseudo-op: `.label'
..\hash_drbg\hash_drbg\libgcrypt-1.7.3\mpi\pa7100\mpih-lshift.S:71: Error: no such instruction: `ldws,mb -4(0,%r25),%r22'
..\hash_drbg\hash_drbg\libgcrypt-1.7.3\mpi\pa7100\mpih-lshift.S:72: Error: no such instruction: `stws,mb %r20,-4(0,%r26)'
..\hash_drbg\hash_drbg\libgcrypt-1.7.3\mpi\pa7100\mpih-lshift.S:73: Error: no such instruction: `addib,<= -1,%r24,L$end2'
..\hash_drbg\hash_drbg\libgcrypt-1.7.3\mpi\pa7100\mpih-lshift.S:74: Error: no such instruction: `vshd %r29,%r22,%r20'
..\hash_drbg\hash_drbg\libgcrypt-1.7.3\mpi\pa7100\mpih-lshift.S:75: Error: no such instruction: `ldws,mb -4(0,%r25),%r29'
..\hash_drbg\hash_drbg\libgcrypt-1.7.3\mpi\pa7100\mpih-lshift.S:76: Error: no such instruction: `stws,mb %r20,-4(0,%r26)'
..\hash_drbg\hash_drbg\libgcrypt-1.7.3\mpi\pa7100\mpih-lshift.S:77: Error: no such instruction: `addib,> -1,%r24,L$eloop'
..\hash_drbg\hash_drbg\libgcrypt-1.7.3\mpi\pa7100\mpih-lshift.S:78: Error: no such instruction: `vshd %r22,%r29,%r20'
..\hash_drbg\hash_drbg\libgcrypt-1.7.3\mpi\pa7100\mpih-lshift.S:80: Error: unknown pseudo-op: `.label'
..\hash_drbg\hash_drbg\libgcrypt-1.7.3\mpi\pa7100\mpih-lshift.S:81: Error: no such instruction: `stws,mb %r20,-4(0,%r26)'
..\hash_drbg\hash_drbg\libgcrypt-1.7.3\mpi\pa7100\mpih-lshift.S:82: Error: no such instruction: `vshd %r29,%r0,%r20'
..\hash_drbg\hash_drbg\libgcrypt-1.7.3\mpi\pa7100\mpih-lshift.S:83: Error: no such instruction: `bv 0(%r2)'
..\hash_drbg\hash_drbg\libgcrypt-1.7.3\mpi\pa7100\mpih-lshift.S:84: Error: no such instruction: `stw %r20,-4(0,%r26)'
..\hash_drbg\hash_drbg\libgcrypt-1.7.3\mpi\pa7100\mpih-lshift.S:85: Error: unknown pseudo-op: `.label'
..\hash_drbg\hash_drbg\libgcrypt-1.7.3\mpi\pa7100\mpih-lshift.S:86: Error: no such instruction: `stws,mb %r20,-4(0,%r26)'
..\hash_drbg\hash_drbg\libgcrypt-1.7.3\mpi\pa7100\mpih-lshift.S:87: Error: unknown pseudo-op: `.label'
..\hash_drbg\hash_drbg\libgcrypt-1.7.3\mpi\pa7100\mpih-lshift.S:88: Error: no such instruction: `vshd %r22,%r0,%r20'
..\hash_drbg\hash_drbg\libgcrypt-1.7.3\mpi\pa7100\mpih-lshift.S:89: Error: no such instruction: `bv 0(%r2)'
..\hash_drbg\hash_drbg\libgcrypt-1.7.3\mpi\pa7100\mpih-lshift.S:90: Error: no such instruction: `stw %r20,-4(0,%r26)'
..\hash_drbg\hash_drbg\libgcrypt-1.7.3\mpi\pa7100\mpih-lshift.S:92: Error: unknown pseudo-op: `.exit'
..\hash_drbg\hash_drbg\libgcrypt-1.7.3\mpi\pa7100\mpih-lshift.S:93: Error: unknown pseudo-op: `.procend'

14:37:49 Build Finished (took 504ms)

